{"/Applications/XAMPP/xamppfiles/htdocs/calculator/index.js": {"path":"/Applications/XAMPP/xamppfiles/htdocs/calculator/index.js","statementMap":{"0":{"start":{"line":4,"column":12},"end":{"line":4,"column":21}},"1":{"start":{"line":6,"column":0},"end":{"line":6,"column":20}}},"fnMap":{},"branchMap":{},"s":{"0":1,"1":1},"f":{},"b":{},"_coverageSchema":"1a1c01bbd47fc00a2c39e90264f33305004495a9","hash":"b95021ef665f33dc12a080363f32a60277855ed0"}
,"/Applications/XAMPP/xamppfiles/htdocs/calculator/controllers/mathControllers.js": {"path":"/Applications/XAMPP/xamppfiles/htdocs/calculator/controllers/mathControllers.js","statementMap":{"0":{"start":{"line":3,"column":32},"end":{"line":10,"column":1}},"1":{"start":{"line":5,"column":19},"end":{"line":5,"column":46}},"2":{"start":{"line":7,"column":19},"end":{"line":7,"column":33}},"3":{"start":{"line":9,"column":4},"end":{"line":9,"column":54}},"4":{"start":{"line":12,"column":31},"end":{"line":19,"column":1}},"5":{"start":{"line":14,"column":19},"end":{"line":14,"column":46}},"6":{"start":{"line":16,"column":19},"end":{"line":16,"column":31}},"7":{"start":{"line":18,"column":4},"end":{"line":18,"column":50}}},"fnMap":{"0":{"name":"(anonymous_0)","decl":{"start":{"line":3,"column":32},"end":{"line":3,"column":33}},"loc":{"start":{"line":3,"column":46},"end":{"line":10,"column":1}},"line":3},"1":{"name":"(anonymous_1)","decl":{"start":{"line":12,"column":31},"end":{"line":12,"column":32}},"loc":{"start":{"line":12,"column":45},"end":{"line":19,"column":1}},"line":12}},"branchMap":{},"s":{"0":1,"1":1,"2":1,"3":1,"4":1,"5":1,"6":1,"7":1},"f":{"0":1,"1":1},"b":{},"_coverageSchema":"1a1c01bbd47fc00a2c39e90264f33305004495a9","hash":"476f3b773840e9534d7ad16ee3c4b39288709b09"}
,"/Applications/XAMPP/xamppfiles/htdocs/calculator/logic/calculator.js": {"path":"/Applications/XAMPP/xamppfiles/htdocs/calculator/logic/calculator.js","statementMap":{"0":{"start":{"line":2,"column":4},"end":{"line":2,"column":27}},"1":{"start":{"line":6,"column":4},"end":{"line":6,"column":36}}},"fnMap":{"0":{"name":"square","decl":{"start":{"line":1,"column":16},"end":{"line":1,"column":22}},"loc":{"start":{"line":1,"column":31},"end":{"line":3,"column":1}},"line":1},"1":{"name":"cube","decl":{"start":{"line":5,"column":16},"end":{"line":5,"column":20}},"loc":{"start":{"line":5,"column":29},"end":{"line":7,"column":1}},"line":5}},"branchMap":{},"s":{"0":5,"1":5},"f":{"0":5,"1":5},"b":{},"_coverageSchema":"1a1c01bbd47fc00a2c39e90264f33305004495a9","hash":"9a3c5ce0cfe2d3a7a323ebcd425b30c47503f7cf"}
,"/Applications/XAMPP/xamppfiles/htdocs/calculator/routes/router.js": {"path":"/Applications/XAMPP/xamppfiles/htdocs/calculator/routes/router.js","statementMap":{"0":{"start":{"line":4,"column":15},"end":{"line":4,"column":31}},"1":{"start":{"line":6,"column":0},"end":{"line":6,"column":47}},"2":{"start":{"line":7,"column":0},"end":{"line":7,"column":43}}},"fnMap":{},"branchMap":{},"s":{"0":1,"1":1,"2":1},"f":{},"b":{},"_coverageSchema":"1a1c01bbd47fc00a2c39e90264f33305004495a9","hash":"a4a3342b7d17efb2747b9056da8b2ed8cf480ddb"}
}
